24-Jun-2022 14:38:52.096 INFO [main] org.apache.catalina.startup.VersionLoggerListener.log Server version name:   Apache Tomcat/9.0.64
24-Jun-2022 14:38:52.099 INFO [main] org.apache.catalina.startup.VersionLoggerListener.log Server built:          Jun 2 2022 19:08:46 UTC
24-Jun-2022 14:38:52.101 INFO [main] org.apache.catalina.startup.VersionLoggerListener.log Server version number: 9.0.64.0
24-Jun-2022 14:38:52.101 INFO [main] org.apache.catalina.startup.VersionLoggerListener.log OS Name:               Windows 10
24-Jun-2022 14:38:52.101 INFO [main] org.apache.catalina.startup.VersionLoggerListener.log OS Version:            10.0
24-Jun-2022 14:38:52.101 INFO [main] org.apache.catalina.startup.VersionLoggerListener.log Architecture:          amd64
24-Jun-2022 14:38:52.102 INFO [main] org.apache.catalina.startup.VersionLoggerListener.log Java Home:             C:\Program Files\Java\jdk-12.0.2
24-Jun-2022 14:38:52.102 INFO [main] org.apache.catalina.startup.VersionLoggerListener.log JVM Version:           12.0.2+10
24-Jun-2022 14:38:52.102 INFO [main] org.apache.catalina.startup.VersionLoggerListener.log JVM Vendor:            Oracle Corporation
24-Jun-2022 14:38:52.103 INFO [main] org.apache.catalina.startup.VersionLoggerListener.log CATALINA_BASE:         C:\Users\fulvi\Desktop\apache-tomcat-9.0.64
24-Jun-2022 14:38:52.103 INFO [main] org.apache.catalina.startup.VersionLoggerListener.log CATALINA_HOME:         C:\Users\fulvi\Desktop\apache-tomcat-9.0.64
24-Jun-2022 14:38:52.126 INFO [main] org.apache.catalina.startup.VersionLoggerListener.log Command line argument: --add-opens=java.base/java.lang=ALL-UNNAMED
24-Jun-2022 14:38:52.127 INFO [main] org.apache.catalina.startup.VersionLoggerListener.log Command line argument: --add-opens=java.base/java.io=ALL-UNNAMED
24-Jun-2022 14:38:52.128 INFO [main] org.apache.catalina.startup.VersionLoggerListener.log Command line argument: --add-opens=java.base/java.util=ALL-UNNAMED
24-Jun-2022 14:38:52.128 INFO [main] org.apache.catalina.startup.VersionLoggerListener.log Command line argument: --add-opens=java.base/java.util.concurrent=ALL-UNNAMED
24-Jun-2022 14:38:52.128 INFO [main] org.apache.catalina.startup.VersionLoggerListener.log Command line argument: --add-opens=java.rmi/sun.rmi.transport=ALL-UNNAMED
24-Jun-2022 14:38:52.129 INFO [main] org.apache.catalina.startup.VersionLoggerListener.log Command line argument: -Djava.util.logging.config.file=C:\Users\fulvi\Desktop\apache-tomcat-9.0.64\conf\logging.properties
24-Jun-2022 14:38:52.131 INFO [main] org.apache.catalina.startup.VersionLoggerListener.log Command line argument: -Djava.util.logging.manager=org.apache.juli.ClassLoaderLogManager
24-Jun-2022 14:38:52.133 INFO [main] org.apache.catalina.startup.VersionLoggerListener.log Command line argument: -Djdk.tls.ephemeralDHKeySize=2048
24-Jun-2022 14:38:52.133 INFO [main] org.apache.catalina.startup.VersionLoggerListener.log Command line argument: -Djava.protocol.handler.pkgs=org.apache.catalina.webresources
24-Jun-2022 14:38:52.134 INFO [main] org.apache.catalina.startup.VersionLoggerListener.log Command line argument: -Dignore.endorsed.dirs=
24-Jun-2022 14:38:52.135 INFO [main] org.apache.catalina.startup.VersionLoggerListener.log Command line argument: -Dcatalina.base=C:\Users\fulvi\Desktop\apache-tomcat-9.0.64
24-Jun-2022 14:38:52.135 INFO [main] org.apache.catalina.startup.VersionLoggerListener.log Command line argument: -Dcatalina.home=C:\Users\fulvi\Desktop\apache-tomcat-9.0.64
24-Jun-2022 14:38:52.136 INFO [main] org.apache.catalina.startup.VersionLoggerListener.log Command line argument: -Djava.io.tmpdir=C:\Users\fulvi\Desktop\apache-tomcat-9.0.64\temp
24-Jun-2022 14:38:52.154 INFO [main] org.apache.catalina.core.AprLifecycleListener.lifecycleEvent The Apache Tomcat Native library which allows using OpenSSL was not found on the java.library.path: [C:\Program Files\Java\jdk-12.0.2\bin;C:\WINDOWS\Sun\Java\bin;C:\WINDOWS\system32;C:\WINDOWS;C:\Python310\Scripts\;C:\Python310\;C:\Program Files\Haskell\bin;C:\Program Files\Haskell Platform\8.0.2-a\lib\extralibs\bin;C:\Program Files\Haskell Platform\8.0.2-a\bin;C:\Program Files\Common Files\Oracle\Java\javapath;C:\Program Files (x86)\Common Files\Oracle\Java\javapath;C:\Program Files (x86)\Intel\iCLS Client\;C:\Program Files (x86)\Python36-32\Scripts\;C:\Program Files (x86)\Python36-32\;C:\Program Files\Intel\iCLS Client\;C:\windows\system32;C:\windows;C:\windows\System32\Wbem;C:\windows\System32\WindowsPowerShell\v1.0\;C:\Program Files (x86)\NVIDIA Corporation\PhysX\Common;C:\WINDOWS\system32;C:\WINDOWS;C:\WINDOWS\System32\Wbem;C:\WINDOWS\System32\WindowsPowerShell\v1.0\;C:\Program Files (x86)\Intel\Intel(R) Management Engine Components\DAL;C:\Program Files\Intel\Intel(R) Management Engine Components\DAL;C:\Program Files (x86)\Intel\Intel(R) Management Engine Components\IPT;C:\Program Files\Intel\Intel(R) Management Engine Components\IPT;C:\WINDOWS\System32\OpenSSH\;C:\Program Files\Intel\WiFi\bin\;C:\Program Files\Common Files\Intel\WirelessCommon\;C:\Program Files\Java\jdk-11.0.5\bin;C:\Program Files\Git\cmd;C:\Program Files\NVIDIA Corporation\NVIDIA NvDLISR;C:\Program Files\Haskell Platform\8.0.2-a\mingw\bin;C:\Program Files\Java\jdk-12.0.2\bin;C:\Program Files\nodejs\;C:\ProgramData\chocolatey\bin;C:\Program Files (x86)\PuTTY\;C:\apache-maven-3.8.6\bin;C:\Users\fulvi\.cargo\bin;C:\Users\fulvi\AppData\Roaming\cabal\bin;C:\Users\fulvi\AppData\Roaming\local\bin;C:\Users\fulvi\AppData\Local\Programs\Python\Python39\Scripts\;C:\Users\fulvi\AppData\Local\Programs\Python\Python39\;C:\Users\fulvi\AppData\Local\Microsoft\WindowsApps;C:\Users\fulvi\AppData\Local\Programs\Microsoft VS Code\bin;C:\Users\fulvi\AppData\Local\GitHubDesktop\bin;C:\Users\fulvi\AppData\Roaming\npm;.]
24-Jun-2022 14:38:52.485 INFO [main] org.apache.coyote.AbstractProtocol.init Initializing ProtocolHandler ["http-nio-8080"]
24-Jun-2022 14:38:52.521 INFO [main] org.apache.catalina.startup.Catalina.load Server initialization in [652] milliseconds
24-Jun-2022 14:38:52.580 INFO [main] org.apache.catalina.core.StandardService.startInternal Starting service [Catalina]
24-Jun-2022 14:38:52.580 INFO [main] org.apache.catalina.core.StandardEngine.startInternal Starting Servlet engine: [Apache Tomcat/9.0.64]
24-Jun-2022 14:38:52.602 INFO [main] org.apache.catalina.startup.HostConfig.deployWAR Deploying web application archive [C:\Users\fulvi\Desktop\apache-tomcat-9.0.64\webapps\demo-1.0-SNAPSHOT.war]
24-Jun-2022 14:38:57.347 INFO [main] org.apache.jasper.servlet.TldScanner.scanJars At least one JAR was scanned for TLDs yet contained no TLDs. Enable debug logging for this logger for a complete list of JARs that were scanned but no TLDs were found in them. Skipping unneeded JARs during scanning can improve startup time and JSP compilation time.
24-Jun-2022 14:38:57.669 WARNING [main] org.apache.catalina.util.SessionIdGeneratorBase.createSecureRandom Creation of SecureRandom instance for session ID generation using [SHA1PRNG] took [281] milliseconds.
24-Jun-2022 14:38:58.163 WARNING [main] jersey.repackaged.org.objectweb.asm.ClassReader.<init> Unsupported class file major version 59
24-Jun-2022 14:38:58.185 INFO [main] org.apache.catalina.startup.HostConfig.deployWAR Deployment of web application archive [C:\Users\fulvi\Desktop\apache-tomcat-9.0.64\webapps\demo-1.0-SNAPSHOT.war] has finished in [5,583] ms
24-Jun-2022 14:38:58.187 INFO [main] org.apache.catalina.startup.HostConfig.deployDirectory Deploying web application directory [C:\Users\fulvi\Desktop\apache-tomcat-9.0.64\webapps\docs]
24-Jun-2022 14:38:58.224 INFO [main] org.apache.catalina.startup.HostConfig.deployDirectory Deployment of web application directory [C:\Users\fulvi\Desktop\apache-tomcat-9.0.64\webapps\docs] has finished in [38] ms
24-Jun-2022 14:38:58.225 INFO [main] org.apache.catalina.startup.HostConfig.deployDirectory Deploying web application directory [C:\Users\fulvi\Desktop\apache-tomcat-9.0.64\webapps\examples]
24-Jun-2022 14:38:58.743 INFO [main] org.apache.catalina.startup.HostConfig.deployDirectory Deployment of web application directory [C:\Users\fulvi\Desktop\apache-tomcat-9.0.64\webapps\examples] has finished in [518] ms
24-Jun-2022 14:38:58.744 INFO [main] org.apache.catalina.startup.HostConfig.deployDirectory Deploying web application directory [C:\Users\fulvi\Desktop\apache-tomcat-9.0.64\webapps\host-manager]
24-Jun-2022 14:38:58.810 INFO [main] org.apache.catalina.startup.HostConfig.deployDirectory Deployment of web application directory [C:\Users\fulvi\Desktop\apache-tomcat-9.0.64\webapps\host-manager] has finished in [65] ms
24-Jun-2022 14:38:58.810 INFO [main] org.apache.catalina.startup.HostConfig.deployDirectory Deploying web application directory [C:\Users\fulvi\Desktop\apache-tomcat-9.0.64\webapps\manager]
24-Jun-2022 14:38:58.863 INFO [main] org.apache.catalina.startup.HostConfig.deployDirectory Deployment of web application directory [C:\Users\fulvi\Desktop\apache-tomcat-9.0.64\webapps\manager] has finished in [53] ms
24-Jun-2022 14:38:58.863 INFO [main] org.apache.catalina.startup.HostConfig.deployDirectory Deploying web application directory [C:\Users\fulvi\Desktop\apache-tomcat-9.0.64\webapps\ROOT]
24-Jun-2022 14:38:58.899 INFO [main] org.apache.catalina.startup.HostConfig.deployDirectory Deployment of web application directory [C:\Users\fulvi\Desktop\apache-tomcat-9.0.64\webapps\ROOT] has finished in [36] ms
24-Jun-2022 14:38:58.899 INFO [main] org.apache.catalina.startup.HostConfig.deployDirectory Deploying web application directory [C:\Users\fulvi\Desktop\apache-tomcat-9.0.64\webapps\smtp]
24-Jun-2022 14:39:01.560 INFO [main] org.apache.jasper.servlet.TldScanner.scanJars At least one JAR was scanned for TLDs yet contained no TLDs. Enable debug logging for this logger for a complete list of JARs that were scanned but no TLDs were found in them. Skipping unneeded JARs during scanning can improve startup time and JSP compilation time.
24-Jun-2022 14:39:02.079 WARNING [main] jersey.repackaged.org.objectweb.asm.ClassReader.<init> Unsupported class file major version 59
24-Jun-2022 14:39:02.088 INFO [main] org.apache.catalina.startup.HostConfig.deployDirectory Deployment of web application directory [C:\Users\fulvi\Desktop\apache-tomcat-9.0.64\webapps\smtp] has finished in [3,189] ms
24-Jun-2022 14:39:02.094 INFO [main] org.apache.coyote.AbstractProtocol.start Starting ProtocolHandler ["http-nio-8080"]
24-Jun-2022 14:39:02.363 INFO [main] org.apache.catalina.startup.Catalina.start Server startup in [9841] milliseconds
