24-Jun-2022 14:38:58.169 SEVERE [main] org.apache.catalina.core.ApplicationContext.log Servlet.init() for servlet [Servlet Java] threw exception
	java.lang.UnsupportedClassVersionError: ResourceClasses/EmailResource has been compiled by a more recent version of the Java Runtime (class file version 59.0), this version of the Java Runtime only recognizes class file versions up to 56.0 (unable to load class [ResourceClasses.EmailResource])
		at org.apache.catalina.loader.WebappClassLoaderBase.findClassInternal(WebappClassLoaderBase.java:2477)
		at org.apache.catalina.loader.WebappClassLoaderBase.findClass(WebappClassLoaderBase.java:875)
		at org.apache.catalina.loader.WebappClassLoaderBase.loadClass(WebappClassLoaderBase.java:1376)
		at org.apache.catalina.loader.WebappClassLoaderBase.loadClass(WebappClassLoaderBase.java:1220)
		at java.base/java.lang.Class.forName0(Native Method)
		at java.base/java.lang.Class.forName(Class.java:415)
		at org.glassfish.jersey.internal.util.ReflectionHelper$7.run(ReflectionHelper.java:379)
		at org.glassfish.jersey.internal.util.ReflectionHelper$7.run(ReflectionHelper.java:374)
		at java.base/java.security.AccessController.doPrivileged(AccessController.java:552)
		at org.glassfish.jersey.server.internal.scanning.AnnotationAcceptingListener$AnnotatedClassVisitor.getClassForName(AnnotationAcceptingListener.java:259)
		at org.glassfish.jersey.server.internal.scanning.AnnotationAcceptingListener$AnnotatedClassVisitor.visitEnd(AnnotationAcceptingListener.java:202)
		at jersey.repackaged.org.objectweb.asm.ClassReader.accept(ClassReader.java:698)
		at jersey.repackaged.org.objectweb.asm.ClassReader.accept(ClassReader.java:406)
		at org.glassfish.jersey.server.internal.scanning.AnnotationAcceptingListener.process(AnnotationAcceptingListener.java:148)
		at org.glassfish.jersey.server.ResourceConfig.scanClasses(ResourceConfig.java:919)
		at org.glassfish.jersey.server.ResourceConfig._getClasses(ResourceConfig.java:863)
		at org.glassfish.jersey.server.ResourceConfig.getClasses(ResourceConfig.java:772)
		at org.glassfish.jersey.server.ResourceConfig$RuntimeConfig.<init>(ResourceConfig.java:1213)
		at org.glassfish.jersey.server.ResourceConfig$RuntimeConfig.<init>(ResourceConfig.java:1186)
		at org.glassfish.jersey.server.ResourceConfig.createRuntimeConfig(ResourceConfig.java:1182)
		at org.glassfish.jersey.server.ApplicationHandler$RuntimeConfigConfigurator.init(ApplicationHandler.java:182)
		at org.glassfish.jersey.server.ApplicationHandler.lambda$initialize$0(ApplicationHandler.java:290)
		at java.base/java.util.Arrays$ArrayList.forEach(Arrays.java:4411)
		at org.glassfish.jersey.server.ApplicationHandler.initialize(ApplicationHandler.java:290)
		at org.glassfish.jersey.server.ApplicationHandler.<init>(ApplicationHandler.java:259)
		at org.glassfish.jersey.servlet.WebComponent.<init>(WebComponent.java:311)
		at org.glassfish.jersey.servlet.ServletContainer.init(ServletContainer.java:154)
		at org.glassfish.jersey.servlet.ServletContainer.init(ServletContainer.java:347)
		at javax.servlet.GenericServlet.init(GenericServlet.java:158)
		at org.apache.catalina.core.StandardWrapper.initServlet(StandardWrapper.java:1164)
		at org.apache.catalina.core.StandardWrapper.loadServlet(StandardWrapper.java:1117)
		at org.apache.catalina.core.StandardWrapper.load(StandardWrapper.java:1010)
		at org.apache.catalina.core.StandardContext.loadOnStartup(StandardContext.java:4957)
		at org.apache.catalina.core.StandardContext.startInternal(StandardContext.java:5264)
		at org.apache.catalina.util.LifecycleBase.start(LifecycleBase.java:183)
		at org.apache.catalina.core.ContainerBase.addChildInternal(ContainerBase.java:726)
		at org.apache.catalina.core.ContainerBase.addChild(ContainerBase.java:698)
		at org.apache.catalina.core.StandardHost.addChild(StandardHost.java:696)
		at org.apache.catalina.startup.HostConfig.deployWAR(HostConfig.java:1024)
		at org.apache.catalina.startup.HostConfig$DeployWar.run(HostConfig.java:1911)
		at java.base/java.util.concurrent.Executors$RunnableAdapter.call(Executors.java:515)
		at java.base/java.util.concurrent.FutureTask.run(FutureTask.java:264)
		at org.apache.tomcat.util.threads.InlineExecutorService.execute(InlineExecutorService.java:75)
		at java.base/java.util.concurrent.AbstractExecutorService.submit(AbstractExecutorService.java:118)
		at org.apache.catalina.startup.HostConfig.deployWARs(HostConfig.java:825)
		at org.apache.catalina.startup.HostConfig.deployApps(HostConfig.java:475)
		at org.apache.catalina.startup.HostConfig.start(HostConfig.java:1618)
		at org.apache.catalina.startup.HostConfig.lifecycleEvent(HostConfig.java:319)
		at org.apache.catalina.util.LifecycleBase.fireLifecycleEvent(LifecycleBase.java:123)
		at org.apache.catalina.util.LifecycleBase.setStateInternal(LifecycleBase.java:423)
		at org.apache.catalina.util.LifecycleBase.setState(LifecycleBase.java:366)
		at org.apache.catalina.core.ContainerBase.startInternal(ContainerBase.java:946)
		at org.apache.catalina.core.StandardHost.startInternal(StandardHost.java:835)
		at org.apache.catalina.util.LifecycleBase.start(LifecycleBase.java:183)
		at org.apache.catalina.core.ContainerBase$StartChild.call(ContainerBase.java:1396)
		at org.apache.catalina.core.ContainerBase$StartChild.call(ContainerBase.java:1386)
		at java.base/java.util.concurrent.FutureTask.run(FutureTask.java:264)
		at org.apache.tomcat.util.threads.InlineExecutorService.execute(InlineExecutorService.java:75)
		at java.base/java.util.concurrent.AbstractExecutorService.submit(AbstractExecutorService.java:140)
		at org.apache.catalina.core.ContainerBase.startInternal(ContainerBase.java:919)
		at org.apache.catalina.core.StandardEngine.startInternal(StandardEngine.java:263)
		at org.apache.catalina.util.LifecycleBase.start(LifecycleBase.java:183)
		at org.apache.catalina.core.StandardService.startInternal(StandardService.java:432)
		at org.apache.catalina.util.LifecycleBase.start(LifecycleBase.java:183)
		at org.apache.catalina.core.StandardServer.startInternal(StandardServer.java:930)
		at org.apache.catalina.util.LifecycleBase.start(LifecycleBase.java:183)
		at org.apache.catalina.startup.Catalina.start(Catalina.java:772)
		at java.base/jdk.internal.reflect.NativeMethodAccessorImpl.invoke0(Native Method)
		at java.base/jdk.internal.reflect.NativeMethodAccessorImpl.invoke(NativeMethodAccessorImpl.java:62)
		at java.base/jdk.internal.reflect.DelegatingMethodAccessorImpl.invoke(DelegatingMethodAccessorImpl.java:43)
		at java.base/java.lang.reflect.Method.invoke(Method.java:567)
		at org.apache.catalina.startup.Bootstrap.start(Bootstrap.java:345)
		at org.apache.catalina.startup.Bootstrap.main(Bootstrap.java:476)
24-Jun-2022 14:38:58.169 SEVERE [main] org.apache.catalina.core.StandardContext.loadOnStartup Servlet [Servlet Java] in web application [/demo-1.0-SNAPSHOT] threw load() exception
	java.lang.UnsupportedClassVersionError: ResourceClasses/EmailResource has been compiled by a more recent version of the Java Runtime (class file version 59.0), this version of the Java Runtime only recognizes class file versions up to 56.0 (unable to load class [ResourceClasses.EmailResource])
		at org.apache.catalina.loader.WebappClassLoaderBase.findClassInternal(WebappClassLoaderBase.java:2477)
		at org.apache.catalina.loader.WebappClassLoaderBase.findClass(WebappClassLoaderBase.java:875)
		at org.apache.catalina.loader.WebappClassLoaderBase.loadClass(WebappClassLoaderBase.java:1376)
		at org.apache.catalina.loader.WebappClassLoaderBase.loadClass(WebappClassLoaderBase.java:1220)
		at java.base/java.lang.Class.forName0(Native Method)
		at java.base/java.lang.Class.forName(Class.java:415)
		at org.glassfish.jersey.internal.util.ReflectionHelper$7.run(ReflectionHelper.java:379)
		at org.glassfish.jersey.internal.util.ReflectionHelper$7.run(ReflectionHelper.java:374)
		at java.base/java.security.AccessController.doPrivileged(AccessController.java:552)
		at org.glassfish.jersey.server.internal.scanning.AnnotationAcceptingListener$AnnotatedClassVisitor.getClassForName(AnnotationAcceptingListener.java:259)
		at org.glassfish.jersey.server.internal.scanning.AnnotationAcceptingListener$AnnotatedClassVisitor.visitEnd(AnnotationAcceptingListener.java:202)
		at jersey.repackaged.org.objectweb.asm.ClassReader.accept(ClassReader.java:698)
		at jersey.repackaged.org.objectweb.asm.ClassReader.accept(ClassReader.java:406)
		at org.glassfish.jersey.server.internal.scanning.AnnotationAcceptingListener.process(AnnotationAcceptingListener.java:148)
		at org.glassfish.jersey.server.ResourceConfig.scanClasses(ResourceConfig.java:919)
		at org.glassfish.jersey.server.ResourceConfig._getClasses(ResourceConfig.java:863)
		at org.glassfish.jersey.server.ResourceConfig.getClasses(ResourceConfig.java:772)
		at org.glassfish.jersey.server.ResourceConfig$RuntimeConfig.<init>(ResourceConfig.java:1213)
		at org.glassfish.jersey.server.ResourceConfig$RuntimeConfig.<init>(ResourceConfig.java:1186)
		at org.glassfish.jersey.server.ResourceConfig.createRuntimeConfig(ResourceConfig.java:1182)
		at org.glassfish.jersey.server.ApplicationHandler$RuntimeConfigConfigurator.init(ApplicationHandler.java:182)
		at org.glassfish.jersey.server.ApplicationHandler.lambda$initialize$0(ApplicationHandler.java:290)
		at java.base/java.util.Arrays$ArrayList.forEach(Arrays.java:4411)
		at org.glassfish.jersey.server.ApplicationHandler.initialize(ApplicationHandler.java:290)
		at org.glassfish.jersey.server.ApplicationHandler.<init>(ApplicationHandler.java:259)
		at org.glassfish.jersey.servlet.WebComponent.<init>(WebComponent.java:311)
		at org.glassfish.jersey.servlet.ServletContainer.init(ServletContainer.java:154)
		at org.glassfish.jersey.servlet.ServletContainer.init(ServletContainer.java:347)
		at javax.servlet.GenericServlet.init(GenericServlet.java:158)
		at org.apache.catalina.core.StandardWrapper.initServlet(StandardWrapper.java:1164)
		at org.apache.catalina.core.StandardWrapper.loadServlet(StandardWrapper.java:1117)
		at org.apache.catalina.core.StandardWrapper.load(StandardWrapper.java:1010)
		at org.apache.catalina.core.StandardContext.loadOnStartup(StandardContext.java:4957)
		at org.apache.catalina.core.StandardContext.startInternal(StandardContext.java:5264)
		at org.apache.catalina.util.LifecycleBase.start(LifecycleBase.java:183)
		at org.apache.catalina.core.ContainerBase.addChildInternal(ContainerBase.java:726)
		at org.apache.catalina.core.ContainerBase.addChild(ContainerBase.java:698)
		at org.apache.catalina.core.StandardHost.addChild(StandardHost.java:696)
		at org.apache.catalina.startup.HostConfig.deployWAR(HostConfig.java:1024)
		at org.apache.catalina.startup.HostConfig$DeployWar.run(HostConfig.java:1911)
		at java.base/java.util.concurrent.Executors$RunnableAdapter.call(Executors.java:515)
		at java.base/java.util.concurrent.FutureTask.run(FutureTask.java:264)
		at org.apache.tomcat.util.threads.InlineExecutorService.execute(InlineExecutorService.java:75)
		at java.base/java.util.concurrent.AbstractExecutorService.submit(AbstractExecutorService.java:118)
		at org.apache.catalina.startup.HostConfig.deployWARs(HostConfig.java:825)
		at org.apache.catalina.startup.HostConfig.deployApps(HostConfig.java:475)
		at org.apache.catalina.startup.HostConfig.start(HostConfig.java:1618)
		at org.apache.catalina.startup.HostConfig.lifecycleEvent(HostConfig.java:319)
		at org.apache.catalina.util.LifecycleBase.fireLifecycleEvent(LifecycleBase.java:123)
		at org.apache.catalina.util.LifecycleBase.setStateInternal(LifecycleBase.java:423)
		at org.apache.catalina.util.LifecycleBase.setState(LifecycleBase.java:366)
		at org.apache.catalina.core.ContainerBase.startInternal(ContainerBase.java:946)
		at org.apache.catalina.core.StandardHost.startInternal(StandardHost.java:835)
		at org.apache.catalina.util.LifecycleBase.start(LifecycleBase.java:183)
		at org.apache.catalina.core.ContainerBase$StartChild.call(ContainerBase.java:1396)
		at org.apache.catalina.core.ContainerBase$StartChild.call(ContainerBase.java:1386)
		at java.base/java.util.concurrent.FutureTask.run(FutureTask.java:264)
		at org.apache.tomcat.util.threads.InlineExecutorService.execute(InlineExecutorService.java:75)
		at java.base/java.util.concurrent.AbstractExecutorService.submit(AbstractExecutorService.java:140)
		at org.apache.catalina.core.ContainerBase.startInternal(ContainerBase.java:919)
		at org.apache.catalina.core.StandardEngine.startInternal(StandardEngine.java:263)
		at org.apache.catalina.util.LifecycleBase.start(LifecycleBase.java:183)
		at org.apache.catalina.core.StandardService.startInternal(StandardService.java:432)
		at org.apache.catalina.util.LifecycleBase.start(LifecycleBase.java:183)
		at org.apache.catalina.core.StandardServer.startInternal(StandardServer.java:930)
		at org.apache.catalina.util.LifecycleBase.start(LifecycleBase.java:183)
		at org.apache.catalina.startup.Catalina.start(Catalina.java:772)
		at java.base/jdk.internal.reflect.NativeMethodAccessorImpl.invoke0(Native Method)
		at java.base/jdk.internal.reflect.NativeMethodAccessorImpl.invoke(NativeMethodAccessorImpl.java:62)
		at java.base/jdk.internal.reflect.DelegatingMethodAccessorImpl.invoke(DelegatingMethodAccessorImpl.java:43)
		at java.base/java.lang.reflect.Method.invoke(Method.java:567)
		at org.apache.catalina.startup.Bootstrap.start(Bootstrap.java:345)
		at org.apache.catalina.startup.Bootstrap.main(Bootstrap.java:476)
24-Jun-2022 14:38:58.729 INFO [main] org.apache.catalina.core.ApplicationContext.log ContextListener: contextInitialized()
24-Jun-2022 14:38:58.729 INFO [main] org.apache.catalina.core.ApplicationContext.log SessionListener: contextInitialized()
24-Jun-2022 14:38:58.732 INFO [main] org.apache.catalina.core.ApplicationContext.log ContextListener: attributeAdded('StockTicker', 'async.Stockticker@1dad97ed')
24-Jun-2022 14:39:02.082 SEVERE [main] org.apache.catalina.core.ApplicationContext.log Servlet.init() for servlet [Servlet Java] threw exception
	java.lang.UnsupportedClassVersionError: ResourceClasses/EmailResource has been compiled by a more recent version of the Java Runtime (class file version 59.0), this version of the Java Runtime only recognizes class file versions up to 56.0 (unable to load class [ResourceClasses.EmailResource])
		at org.apache.catalina.loader.WebappClassLoaderBase.findClassInternal(WebappClassLoaderBase.java:2477)
		at org.apache.catalina.loader.WebappClassLoaderBase.findClass(WebappClassLoaderBase.java:875)
		at org.apache.catalina.loader.WebappClassLoaderBase.loadClass(WebappClassLoaderBase.java:1376)
		at org.apache.catalina.loader.WebappClassLoaderBase.loadClass(WebappClassLoaderBase.java:1220)
		at java.base/java.lang.Class.forName0(Native Method)
		at java.base/java.lang.Class.forName(Class.java:415)
		at org.glassfish.jersey.internal.util.ReflectionHelper$7.run(ReflectionHelper.java:379)
		at org.glassfish.jersey.internal.util.ReflectionHelper$7.run(ReflectionHelper.java:374)
		at java.base/java.security.AccessController.doPrivileged(AccessController.java:552)
		at org.glassfish.jersey.server.internal.scanning.AnnotationAcceptingListener$AnnotatedClassVisitor.getClassForName(AnnotationAcceptingListener.java:259)
		at org.glassfish.jersey.server.internal.scanning.AnnotationAcceptingListener$AnnotatedClassVisitor.visitEnd(AnnotationAcceptingListener.java:202)
		at jersey.repackaged.org.objectweb.asm.ClassReader.accept(ClassReader.java:698)
		at jersey.repackaged.org.objectweb.asm.ClassReader.accept(ClassReader.java:406)
		at org.glassfish.jersey.server.internal.scanning.AnnotationAcceptingListener.process(AnnotationAcceptingListener.java:148)
		at org.glassfish.jersey.server.ResourceConfig.scanClasses(ResourceConfig.java:919)
		at org.glassfish.jersey.server.ResourceConfig._getClasses(ResourceConfig.java:863)
		at org.glassfish.jersey.server.ResourceConfig.getClasses(ResourceConfig.java:772)
		at org.glassfish.jersey.server.ResourceConfig$RuntimeConfig.<init>(ResourceConfig.java:1213)
		at org.glassfish.jersey.server.ResourceConfig$RuntimeConfig.<init>(ResourceConfig.java:1186)
		at org.glassfish.jersey.server.ResourceConfig.createRuntimeConfig(ResourceConfig.java:1182)
		at org.glassfish.jersey.server.ApplicationHandler$RuntimeConfigConfigurator.init(ApplicationHandler.java:182)
		at org.glassfish.jersey.server.ApplicationHandler.lambda$initialize$0(ApplicationHandler.java:290)
		at java.base/java.util.Arrays$ArrayList.forEach(Arrays.java:4411)
		at org.glassfish.jersey.server.ApplicationHandler.initialize(ApplicationHandler.java:290)
		at org.glassfish.jersey.server.ApplicationHandler.<init>(ApplicationHandler.java:259)
		at org.glassfish.jersey.servlet.WebComponent.<init>(WebComponent.java:311)
		at org.glassfish.jersey.servlet.ServletContainer.init(ServletContainer.java:154)
		at org.glassfish.jersey.servlet.ServletContainer.init(ServletContainer.java:347)
		at javax.servlet.GenericServlet.init(GenericServlet.java:158)
		at org.apache.catalina.core.StandardWrapper.initServlet(StandardWrapper.java:1164)
		at org.apache.catalina.core.StandardWrapper.loadServlet(StandardWrapper.java:1117)
		at org.apache.catalina.core.StandardWrapper.load(StandardWrapper.java:1010)
		at org.apache.catalina.core.StandardContext.loadOnStartup(StandardContext.java:4957)
		at org.apache.catalina.core.StandardContext.startInternal(StandardContext.java:5264)
		at org.apache.catalina.util.LifecycleBase.start(LifecycleBase.java:183)
		at org.apache.catalina.core.ContainerBase.addChildInternal(ContainerBase.java:726)
		at org.apache.catalina.core.ContainerBase.addChild(ContainerBase.java:698)
		at org.apache.catalina.core.StandardHost.addChild(StandardHost.java:696)
		at org.apache.catalina.startup.HostConfig.deployDirectory(HostConfig.java:1185)
		at org.apache.catalina.startup.HostConfig$DeployDirectory.run(HostConfig.java:1933)
		at java.base/java.util.concurrent.Executors$RunnableAdapter.call(Executors.java:515)
		at java.base/java.util.concurrent.FutureTask.run(FutureTask.java:264)
		at org.apache.tomcat.util.threads.InlineExecutorService.execute(InlineExecutorService.java:75)
		at java.base/java.util.concurrent.AbstractExecutorService.submit(AbstractExecutorService.java:118)
		at org.apache.catalina.startup.HostConfig.deployDirectories(HostConfig.java:1095)
		at org.apache.catalina.startup.HostConfig.deployApps(HostConfig.java:477)
		at org.apache.catalina.startup.HostConfig.start(HostConfig.java:1618)
		at org.apache.catalina.startup.HostConfig.lifecycleEvent(HostConfig.java:319)
		at org.apache.catalina.util.LifecycleBase.fireLifecycleEvent(LifecycleBase.java:123)
		at org.apache.catalina.util.LifecycleBase.setStateInternal(LifecycleBase.java:423)
		at org.apache.catalina.util.LifecycleBase.setState(LifecycleBase.java:366)
		at org.apache.catalina.core.ContainerBase.startInternal(ContainerBase.java:946)
		at org.apache.catalina.core.StandardHost.startInternal(StandardHost.java:835)
		at org.apache.catalina.util.LifecycleBase.start(LifecycleBase.java:183)
		at org.apache.catalina.core.ContainerBase$StartChild.call(ContainerBase.java:1396)
		at org.apache.catalina.core.ContainerBase$StartChild.call(ContainerBase.java:1386)
		at java.base/java.util.concurrent.FutureTask.run(FutureTask.java:264)
		at org.apache.tomcat.util.threads.InlineExecutorService.execute(InlineExecutorService.java:75)
		at java.base/java.util.concurrent.AbstractExecutorService.submit(AbstractExecutorService.java:140)
		at org.apache.catalina.core.ContainerBase.startInternal(ContainerBase.java:919)
		at org.apache.catalina.core.StandardEngine.startInternal(StandardEngine.java:263)
		at org.apache.catalina.util.LifecycleBase.start(LifecycleBase.java:183)
		at org.apache.catalina.core.StandardService.startInternal(StandardService.java:432)
		at org.apache.catalina.util.LifecycleBase.start(LifecycleBase.java:183)
		at org.apache.catalina.core.StandardServer.startInternal(StandardServer.java:930)
		at org.apache.catalina.util.LifecycleBase.start(LifecycleBase.java:183)
		at org.apache.catalina.startup.Catalina.start(Catalina.java:772)
		at java.base/jdk.internal.reflect.NativeMethodAccessorImpl.invoke0(Native Method)
		at java.base/jdk.internal.reflect.NativeMethodAccessorImpl.invoke(NativeMethodAccessorImpl.java:62)
		at java.base/jdk.internal.reflect.DelegatingMethodAccessorImpl.invoke(DelegatingMethodAccessorImpl.java:43)
		at java.base/java.lang.reflect.Method.invoke(Method.java:567)
		at org.apache.catalina.startup.Bootstrap.start(Bootstrap.java:345)
		at org.apache.catalina.startup.Bootstrap.main(Bootstrap.java:476)
24-Jun-2022 14:39:02.083 SEVERE [main] org.apache.catalina.core.StandardContext.loadOnStartup Servlet [Servlet Java] in web application [/smtp] threw load() exception
	java.lang.UnsupportedClassVersionError: ResourceClasses/EmailResource has been compiled by a more recent version of the Java Runtime (class file version 59.0), this version of the Java Runtime only recognizes class file versions up to 56.0 (unable to load class [ResourceClasses.EmailResource])
		at org.apache.catalina.loader.WebappClassLoaderBase.findClassInternal(WebappClassLoaderBase.java:2477)
		at org.apache.catalina.loader.WebappClassLoaderBase.findClass(WebappClassLoaderBase.java:875)
		at org.apache.catalina.loader.WebappClassLoaderBase.loadClass(WebappClassLoaderBase.java:1376)
		at org.apache.catalina.loader.WebappClassLoaderBase.loadClass(WebappClassLoaderBase.java:1220)
		at java.base/java.lang.Class.forName0(Native Method)
		at java.base/java.lang.Class.forName(Class.java:415)
		at org.glassfish.jersey.internal.util.ReflectionHelper$7.run(ReflectionHelper.java:379)
		at org.glassfish.jersey.internal.util.ReflectionHelper$7.run(ReflectionHelper.java:374)
		at java.base/java.security.AccessController.doPrivileged(AccessController.java:552)
		at org.glassfish.jersey.server.internal.scanning.AnnotationAcceptingListener$AnnotatedClassVisitor.getClassForName(AnnotationAcceptingListener.java:259)
		at org.glassfish.jersey.server.internal.scanning.AnnotationAcceptingListener$AnnotatedClassVisitor.visitEnd(AnnotationAcceptingListener.java:202)
		at jersey.repackaged.org.objectweb.asm.ClassReader.accept(ClassReader.java:698)
		at jersey.repackaged.org.objectweb.asm.ClassReader.accept(ClassReader.java:406)
		at org.glassfish.jersey.server.internal.scanning.AnnotationAcceptingListener.process(AnnotationAcceptingListener.java:148)
		at org.glassfish.jersey.server.ResourceConfig.scanClasses(ResourceConfig.java:919)
		at org.glassfish.jersey.server.ResourceConfig._getClasses(ResourceConfig.java:863)
		at org.glassfish.jersey.server.ResourceConfig.getClasses(ResourceConfig.java:772)
		at org.glassfish.jersey.server.ResourceConfig$RuntimeConfig.<init>(ResourceConfig.java:1213)
		at org.glassfish.jersey.server.ResourceConfig$RuntimeConfig.<init>(ResourceConfig.java:1186)
		at org.glassfish.jersey.server.ResourceConfig.createRuntimeConfig(ResourceConfig.java:1182)
		at org.glassfish.jersey.server.ApplicationHandler$RuntimeConfigConfigurator.init(ApplicationHandler.java:182)
		at org.glassfish.jersey.server.ApplicationHandler.lambda$initialize$0(ApplicationHandler.java:290)
		at java.base/java.util.Arrays$ArrayList.forEach(Arrays.java:4411)
		at org.glassfish.jersey.server.ApplicationHandler.initialize(ApplicationHandler.java:290)
		at org.glassfish.jersey.server.ApplicationHandler.<init>(ApplicationHandler.java:259)
		at org.glassfish.jersey.servlet.WebComponent.<init>(WebComponent.java:311)
		at org.glassfish.jersey.servlet.ServletContainer.init(ServletContainer.java:154)
		at org.glassfish.jersey.servlet.ServletContainer.init(ServletContainer.java:347)
		at javax.servlet.GenericServlet.init(GenericServlet.java:158)
		at org.apache.catalina.core.StandardWrapper.initServlet(StandardWrapper.java:1164)
		at org.apache.catalina.core.StandardWrapper.loadServlet(StandardWrapper.java:1117)
		at org.apache.catalina.core.StandardWrapper.load(StandardWrapper.java:1010)
		at org.apache.catalina.core.StandardContext.loadOnStartup(StandardContext.java:4957)
		at org.apache.catalina.core.StandardContext.startInternal(StandardContext.java:5264)
		at org.apache.catalina.util.LifecycleBase.start(LifecycleBase.java:183)
		at org.apache.catalina.core.ContainerBase.addChildInternal(ContainerBase.java:726)
		at org.apache.catalina.core.ContainerBase.addChild(ContainerBase.java:698)
		at org.apache.catalina.core.StandardHost.addChild(StandardHost.java:696)
		at org.apache.catalina.startup.HostConfig.deployDirectory(HostConfig.java:1185)
		at org.apache.catalina.startup.HostConfig$DeployDirectory.run(HostConfig.java:1933)
		at java.base/java.util.concurrent.Executors$RunnableAdapter.call(Executors.java:515)
		at java.base/java.util.concurrent.FutureTask.run(FutureTask.java:264)
		at org.apache.tomcat.util.threads.InlineExecutorService.execute(InlineExecutorService.java:75)
		at java.base/java.util.concurrent.AbstractExecutorService.submit(AbstractExecutorService.java:118)
		at org.apache.catalina.startup.HostConfig.deployDirectories(HostConfig.java:1095)
		at org.apache.catalina.startup.HostConfig.deployApps(HostConfig.java:477)
		at org.apache.catalina.startup.HostConfig.start(HostConfig.java:1618)
		at org.apache.catalina.startup.HostConfig.lifecycleEvent(HostConfig.java:319)
		at org.apache.catalina.util.LifecycleBase.fireLifecycleEvent(LifecycleBase.java:123)
		at org.apache.catalina.util.LifecycleBase.setStateInternal(LifecycleBase.java:423)
		at org.apache.catalina.util.LifecycleBase.setState(LifecycleBase.java:366)
		at org.apache.catalina.core.ContainerBase.startInternal(ContainerBase.java:946)
		at org.apache.catalina.core.StandardHost.startInternal(StandardHost.java:835)
		at org.apache.catalina.util.LifecycleBase.start(LifecycleBase.java:183)
		at org.apache.catalina.core.ContainerBase$StartChild.call(ContainerBase.java:1396)
		at org.apache.catalina.core.ContainerBase$StartChild.call(ContainerBase.java:1386)
		at java.base/java.util.concurrent.FutureTask.run(FutureTask.java:264)
		at org.apache.tomcat.util.threads.InlineExecutorService.execute(InlineExecutorService.java:75)
		at java.base/java.util.concurrent.AbstractExecutorService.submit(AbstractExecutorService.java:140)
		at org.apache.catalina.core.ContainerBase.startInternal(ContainerBase.java:919)
		at org.apache.catalina.core.StandardEngine.startInternal(StandardEngine.java:263)
		at org.apache.catalina.util.LifecycleBase.start(LifecycleBase.java:183)
		at org.apache.catalina.core.StandardService.startInternal(StandardService.java:432)
		at org.apache.catalina.util.LifecycleBase.start(LifecycleBase.java:183)
		at org.apache.catalina.core.StandardServer.startInternal(StandardServer.java:930)
		at org.apache.catalina.util.LifecycleBase.start(LifecycleBase.java:183)
		at org.apache.catalina.startup.Catalina.start(Catalina.java:772)
		at java.base/jdk.internal.reflect.NativeMethodAccessorImpl.invoke0(Native Method)
		at java.base/jdk.internal.reflect.NativeMethodAccessorImpl.invoke(NativeMethodAccessorImpl.java:62)
		at java.base/jdk.internal.reflect.DelegatingMethodAccessorImpl.invoke(DelegatingMethodAccessorImpl.java:43)
		at java.base/java.lang.reflect.Method.invoke(Method.java:567)
		at org.apache.catalina.startup.Bootstrap.start(Bootstrap.java:345)
		at org.apache.catalina.startup.Bootstrap.main(Bootstrap.java:476)
